{"D:\\Gpp_Tasks\\timeseries-analytics-api\\src\\app.js": {"path":"D:\\Gpp_Tasks\\timeseries-analytics-api\\src\\app.js","statementMap":{"0":{"start":{"line":4,"column":12},"end":{"line":4,"column":21}},"1":{"start":{"line":7,"column":0},"end":{"line":7,"column":24}},"2":{"start":{"line":10,"column":0},"end":{"line":10,"column":29}},"3":{"start":{"line":13,"column":0},"end":{"line":13,"column":16}},"4":{"start":{"line":16,"column":0},"end":{"line":19,"column":3}},"5":{"start":{"line":17,"column":2},"end":{"line":17,"column":48}},"6":{"start":{"line":18,"column":2},"end":{"line":18,"column":59}}},"fnMap":{"0":{"name":"(anonymous_0)","decl":{"start":{"line":16,"column":8},"end":{"line":16,"column":9}},"loc":{"start":{"line":16,"column":33},"end":{"line":19,"column":1}},"line":16}},"branchMap":{},"s":{"0":1,"1":1,"2":1,"3":1,"4":1,"5":0,"6":0},"f":{"0":0},"b":{},"inputSourceMap":null,"_coverageSchema":"1a1c01bbd47fc00a2c39e90264f33305004495a9","hash":"c44a30d3ba484e6c5584ec441ba1339811e8cd38"}
,"D:\\Gpp_Tasks\\timeseries-analytics-api\\src\\config.js": {"path":"D:\\Gpp_Tasks\\timeseries-analytics-api\\src\\config.js","statementMap":{"0":{"start":{"line":5,"column":0},"end":{"line":5,"column":16}},"1":{"start":{"line":7,"column":22},"end":{"line":21,"column":1}},"2":{"start":{"line":24,"column":22},"end":{"line":33,"column":2}},"3":{"start":{"line":36,"column":27},"end":{"line":43,"column":2}},"4":{"start":{"line":40,"column":18},"end":{"line":40,"column":44}},"5":{"start":{"line":41,"column":4},"end":{"line":41,"column":17}},"6":{"start":{"line":47,"column":2},"end":{"line":51,"column":3}},"7":{"start":{"line":48,"column":4},"end":{"line":48,"column":23}},"8":{"start":{"line":50,"column":4},"end":{"line":50,"column":55}},"9":{"start":{"line":52,"column":2},"end":{"line":56,"column":3}},"10":{"start":{"line":53,"column":4},"end":{"line":53,"column":29}},"11":{"start":{"line":55,"column":4},"end":{"line":55,"column":54}}},"fnMap":{"0":{"name":"(anonymous_0)","decl":{"start":{"line":39,"column":2},"end":{"line":39,"column":3}},"loc":{"start":{"line":39,"column":23},"end":{"line":42,"column":3}},"line":39},"1":{"name":"closeConnections","decl":{"start":{"line":46,"column":22},"end":{"line":46,"column":38}},"loc":{"start":{"line":46,"column":41},"end":{"line":57,"column":1}},"line":46}},"branchMap":{"0":{"loc":{"start":{"line":8,"column":17},"end":{"line":8,"column":43}},"type":"binary-expr","locations":[{"start":{"line":8,"column":17},"end":{"line":8,"column":33}},{"start":{"line":8,"column":37},"end":{"line":8,"column":43}}],"line":8},"1":{"loc":{"start":{"line":9,"column":11},"end":{"line":9,"column":48}},"type":"binary-expr","locations":[{"start":{"line":9,"column":11},"end":{"line":9,"column":31}},{"start":{"line":9,"column":35},"end":{"line":9,"column":48}}],"line":9},"2":{"loc":{"start":{"line":11,"column":10},"end":{"line":11,"column":44}},"type":"binary-expr","locations":[{"start":{"line":11,"column":10},"end":{"line":11,"column":29}},{"start":{"line":11,"column":33},"end":{"line":11,"column":44}}],"line":11},"3":{"loc":{"start":{"line":12,"column":19},"end":{"line":12,"column":48}},"type":"binary-expr","locations":[{"start":{"line":12,"column":19},"end":{"line":12,"column":38}},{"start":{"line":12,"column":42},"end":{"line":12,"column":48}}],"line":12},"4":{"loc":{"start":{"line":13,"column":10},"end":{"line":13,"column":49}},"type":"binary-expr","locations":[{"start":{"line":13,"column":10},"end":{"line":13,"column":29}},{"start":{"line":13,"column":33},"end":{"line":13,"column":49}}],"line":13},"5":{"loc":{"start":{"line":14,"column":14},"end":{"line":14,"column":51}},"type":"binary-expr","locations":[{"start":{"line":14,"column":14},"end":{"line":14,"column":37}},{"start":{"line":14,"column":41},"end":{"line":14,"column":51}}],"line":14},"6":{"loc":{"start":{"line":15,"column":14},"end":{"line":15,"column":51}},"type":"binary-expr","locations":[{"start":{"line":15,"column":14},"end":{"line":15,"column":33}},{"start":{"line":15,"column":37},"end":{"line":15,"column":51}}],"line":15},"7":{"loc":{"start":{"line":18,"column":10},"end":{"line":18,"column":47}},"type":"binary-expr","locations":[{"start":{"line":18,"column":10},"end":{"line":18,"column":32}},{"start":{"line":18,"column":36},"end":{"line":18,"column":47}}],"line":18},"8":{"loc":{"start":{"line":19,"column":19},"end":{"line":19,"column":51}},"type":"binary-expr","locations":[{"start":{"line":19,"column":19},"end":{"line":19,"column":41}},{"start":{"line":19,"column":45},"end":{"line":19,"column":51}}],"line":19}},"s":{"0":2,"1":2,"2":2,"3":2,"4":0,"5":0,"6":2,"7":2,"8":0,"9":2,"10":2,"11":0},"f":{"0":0,"1":2},"b":{"0":[2,0],"1":[2,0],"2":[2,0],"3":[2,0],"4":[2,0],"5":[2,0],"6":[2,0],"7":[2,0],"8":[2,0]},"inputSourceMap":null,"_coverageSchema":"1a1c01bbd47fc00a2c39e90264f33305004495a9","hash":"40af8d8c3cf8449da8d84cbb5ab9c157ef302ab8"}
,"D:\\Gpp_Tasks\\timeseries-analytics-api\\src\\db.js": {"path":"D:\\Gpp_Tasks\\timeseries-analytics-api\\src\\db.js","statementMap":{"0":{"start":{"line":7,"column":22},"end":{"line":33,"column":3}},"1":{"start":{"line":35,"column":2},"end":{"line":41,"column":3}},"2":{"start":{"line":36,"column":4},"end":{"line":36,"column":36}},"3":{"start":{"line":37,"column":4},"end":{"line":37,"column":61}},"4":{"start":{"line":39,"column":4},"end":{"line":39,"column":64}},"5":{"start":{"line":40,"column":4},"end":{"line":40,"column":14}},"6":{"start":{"line":48,"column":16},"end":{"line":52,"column":3}},"7":{"start":{"line":53,"column":14},"end":{"line":57,"column":4}},"8":{"start":{"line":58,"column":2},"end":{"line":58,"column":21}},"9":{"start":{"line":65,"column":14},"end":{"line":69,"column":3}},"10":{"start":{"line":70,"column":17},"end":{"line":70,"column":37}},"11":{"start":{"line":71,"column":2},"end":{"line":74,"column":3}},"12":{"start":{"line":72,"column":4},"end":{"line":72,"column":36}},"13":{"start":{"line":73,"column":4},"end":{"line":73,"column":27}},"14":{"start":{"line":75,"column":2},"end":{"line":75,"column":55}},"15":{"start":{"line":77,"column":14},"end":{"line":77,"column":47}},"16":{"start":{"line":78,"column":2},"end":{"line":82,"column":6}},"17":{"start":{"line":78,"column":28},"end":{"line":82,"column":3}},"18":{"start":{"line":89,"column":14},"end":{"line":93,"column":3}},"19":{"start":{"line":94,"column":17},"end":{"line":94,"column":37}},"20":{"start":{"line":95,"column":2},"end":{"line":98,"column":3}},"21":{"start":{"line":96,"column":4},"end":{"line":96,"column":36}},"22":{"start":{"line":97,"column":4},"end":{"line":97,"column":27}},"23":{"start":{"line":99,"column":2},"end":{"line":99,"column":55}},"24":{"start":{"line":101,"column":14},"end":{"line":101,"column":47}},"25":{"start":{"line":102,"column":2},"end":{"line":106,"column":6}},"26":{"start":{"line":102,"column":28},"end":{"line":106,"column":3}},"27":{"start":{"line":113,"column":14},"end":{"line":117,"column":3}},"28":{"start":{"line":118,"column":17},"end":{"line":118,"column":37}},"29":{"start":{"line":119,"column":2},"end":{"line":122,"column":3}},"30":{"start":{"line":120,"column":4},"end":{"line":120,"column":36}},"31":{"start":{"line":121,"column":4},"end":{"line":121,"column":27}},"32":{"start":{"line":123,"column":2},"end":{"line":126,"column":4}},"33":{"start":{"line":128,"column":14},"end":{"line":128,"column":47}},"34":{"start":{"line":129,"column":2},"end":{"line":133,"column":6}},"35":{"start":{"line":129,"column":28},"end":{"line":133,"column":3}},"36":{"start":{"line":140,"column":14},"end":{"line":144,"column":3}},"37":{"start":{"line":145,"column":17},"end":{"line":145,"column":37}},"38":{"start":{"line":146,"column":2},"end":{"line":149,"column":3}},"39":{"start":{"line":147,"column":4},"end":{"line":147,"column":36}},"40":{"start":{"line":148,"column":4},"end":{"line":148,"column":27}},"41":{"start":{"line":150,"column":2},"end":{"line":153,"column":4}},"42":{"start":{"line":155,"column":14},"end":{"line":155,"column":47}},"43":{"start":{"line":156,"column":2},"end":{"line":160,"column":6}},"44":{"start":{"line":156,"column":28},"end":{"line":160,"column":3}},"45":{"start":{"line":167,"column":16},"end":{"line":173,"column":3}},"46":{"start":{"line":174,"column":14},"end":{"line":174,"column":59}},"47":{"start":{"line":175,"column":2},"end":{"line":178,"column":6}},"48":{"start":{"line":175,"column":28},"end":{"line":178,"column":3}}},"fnMap":{"0":{"name":"initDatabase","decl":{"start":{"line":6,"column":22},"end":{"line":6,"column":34}},"loc":{"start":{"line":6,"column":37},"end":{"line":42,"column":1}},"line":6},"1":{"name":"insertRawEvent","decl":{"start":{"line":47,"column":22},"end":{"line":47,"column":36}},"loc":{"start":{"line":47,"column":74},"end":{"line":59,"column":1}},"line":47},"2":{"name":"queryHourlyStats","decl":{"start":{"line":64,"column":22},"end":{"line":64,"column":38}},"loc":{"start":{"line":64,"column":70},"end":{"line":83,"column":1}},"line":64},"3":{"name":"(anonymous_3)","decl":{"start":{"line":78,"column":22},"end":{"line":78,"column":23}},"loc":{"start":{"line":78,"column":28},"end":{"line":82,"column":3}},"line":78},"4":{"name":"queryDailyStats","decl":{"start":{"line":88,"column":22},"end":{"line":88,"column":37}},"loc":{"start":{"line":88,"column":69},"end":{"line":107,"column":1}},"line":88},"5":{"name":"(anonymous_5)","decl":{"start":{"line":102,"column":22},"end":{"line":102,"column":23}},"loc":{"start":{"line":102,"column":28},"end":{"line":106,"column":3}},"line":102},"6":{"name":"queryRawEventsAggregatedByHour","decl":{"start":{"line":112,"column":22},"end":{"line":112,"column":52}},"loc":{"start":{"line":112,"column":84},"end":{"line":134,"column":1}},"line":112},"7":{"name":"(anonymous_7)","decl":{"start":{"line":129,"column":22},"end":{"line":129,"column":23}},"loc":{"start":{"line":129,"column":28},"end":{"line":133,"column":3}},"line":129},"8":{"name":"queryRawEventsAggregatedByDay","decl":{"start":{"line":139,"column":22},"end":{"line":139,"column":51}},"loc":{"start":{"line":139,"column":83},"end":{"line":161,"column":1}},"line":139},"9":{"name":"(anonymous_9)","decl":{"start":{"line":156,"column":22},"end":{"line":156,"column":23}},"loc":{"start":{"line":156,"column":28},"end":{"line":160,"column":3}},"line":156},"10":{"name":"queryDashboardSummary","decl":{"start":{"line":166,"column":22},"end":{"line":166,"column":43}},"loc":{"start":{"line":166,"column":62},"end":{"line":179,"column":1}},"line":166},"11":{"name":"(anonymous_11)","decl":{"start":{"line":175,"column":22},"end":{"line":175,"column":23}},"loc":{"start":{"line":175,"column":28},"end":{"line":178,"column":3}},"line":175}},"branchMap":{"0":{"loc":{"start":{"line":47,"column":59},"end":{"line":47,"column":72}},"type":"default-arg","locations":[{"start":{"line":47,"column":70},"end":{"line":47,"column":72}}],"line":47},"1":{"loc":{"start":{"line":71,"column":2},"end":{"line":74,"column":3}},"type":"if","locations":[{"start":{"line":71,"column":2},"end":{"line":74,"column":3}},{"start":{},"end":{}}],"line":71},"2":{"loc":{"start":{"line":95,"column":2},"end":{"line":98,"column":3}},"type":"if","locations":[{"start":{"line":95,"column":2},"end":{"line":98,"column":3}},{"start":{},"end":{}}],"line":95},"3":{"loc":{"start":{"line":119,"column":2},"end":{"line":122,"column":3}},"type":"if","locations":[{"start":{"line":119,"column":2},"end":{"line":122,"column":3}},{"start":{},"end":{}}],"line":119},"4":{"loc":{"start":{"line":146,"column":2},"end":{"line":149,"column":3}},"type":"if","locations":[{"start":{"line":146,"column":2},"end":{"line":149,"column":3}},{"start":{},"end":{}}],"line":146}},"s":{"0":2,"1":2,"2":2,"3":2,"4":0,"5":0,"6":206,"7":206,"8":206,"9":3,"10":3,"11":3,"12":1,"13":1,"14":3,"15":3,"16":3,"17":5,"18":2,"19":2,"20":2,"21":0,"22":0,"23":2,"24":2,"25":2,"26":3,"27":3,"28":3,"29":3,"30":1,"31":1,"32":3,"33":3,"34":3,"35":5,"36":2,"37":2,"38":2,"39":0,"40":0,"41":2,"42":2,"43":2,"44":3,"45":1,"46":1,"47":1,"48":2},"f":{"0":2,"1":206,"2":3,"3":5,"4":2,"5":3,"6":3,"7":5,"8":2,"9":3,"10":1,"11":2},"b":{"0":[0],"1":[1,2],"2":[0,2],"3":[1,2],"4":[0,2]},"inputSourceMap":null,"_coverageSchema":"1a1c01bbd47fc00a2c39e90264f33305004495a9","hash":"5b9601672b04109a3da6986aadfa74a27aaaed28"}
,"D:\\Gpp_Tasks\\timeseries-analytics-api\\src\\rateLimiter.js": {"path":"D:\\Gpp_Tasks\\timeseries-analytics-api\\src\\rateLimiter.js","statementMap":{"0":{"start":{"line":10,"column":13},"end":{"line":10,"column":97}},"1":{"start":{"line":11,"column":14},"end":{"line":11,"column":32}},"2":{"start":{"line":13,"column":14},"end":{"line":13,"column":24}},"3":{"start":{"line":14,"column":22},"end":{"line":14,"column":33}},"4":{"start":{"line":16,"column":2},"end":{"line":55,"column":3}},"5":{"start":{"line":17,"column":18},"end":{"line":17,"column":37}},"6":{"start":{"line":20,"column":4},"end":{"line":20,"column":48}},"7":{"start":{"line":23,"column":22},"end":{"line":23,"column":42}},"8":{"start":{"line":24,"column":4},"end":{"line":24,"column":36}},"9":{"start":{"line":27,"column":4},"end":{"line":27,"column":21}},"10":{"start":{"line":30,"column":4},"end":{"line":30,"column":26}},"11":{"start":{"line":32,"column":20},"end":{"line":32,"column":38}},"12":{"start":{"line":34,"column":4},"end":{"line":36,"column":5}},"13":{"start":{"line":35,"column":6},"end":{"line":35,"column":57}},"14":{"start":{"line":39,"column":24},"end":{"line":39,"column":34}},"15":{"start":{"line":40,"column":4},"end":{"line":42,"column":5}},"16":{"start":{"line":41,"column":6},"end":{"line":41,"column":27}},"17":{"start":{"line":44,"column":25},"end":{"line":44,"column":39}},"18":{"start":{"line":46,"column":4},"end":{"line":48,"column":5}},"19":{"start":{"line":47,"column":6},"end":{"line":47,"column":66}},"20":{"start":{"line":50,"column":4},"end":{"line":50,"column":11}},"21":{"start":{"line":52,"column":4},"end":{"line":52,"column":58}},"22":{"start":{"line":54,"column":4},"end":{"line":54,"column":11}}},"fnMap":{"0":{"name":"rateLimiter","decl":{"start":{"line":8,"column":22},"end":{"line":8,"column":33}},"loc":{"start":{"line":8,"column":50},"end":{"line":56,"column":1}},"line":8}},"branchMap":{"0":{"loc":{"start":{"line":10,"column":13},"end":{"line":10,"column":97}},"type":"binary-expr","locations":[{"start":{"line":10,"column":13},"end":{"line":10,"column":19}},{"start":{"line":10,"column":23},"end":{"line":10,"column":53}},{"start":{"line":10,"column":57},"end":{"line":10,"column":81}},{"start":{"line":10,"column":85},"end":{"line":10,"column":97}}],"line":10},"1":{"loc":{"start":{"line":34,"column":4},"end":{"line":36,"column":5}},"type":"if","locations":[{"start":{"line":34,"column":4},"end":{"line":36,"column":5}},{"start":{},"end":{}}],"line":34},"2":{"loc":{"start":{"line":34,"column":8},"end":{"line":34,"column":38}},"type":"binary-expr","locations":[{"start":{"line":34,"column":8},"end":{"line":34,"column":16}},{"start":{"line":34,"column":20},"end":{"line":34,"column":38}}],"line":34},"3":{"loc":{"start":{"line":40,"column":4},"end":{"line":42,"column":5}},"type":"if","locations":[{"start":{"line":40,"column":4},"end":{"line":42,"column":5}},{"start":{},"end":{}}],"line":40},"4":{"loc":{"start":{"line":46,"column":4},"end":{"line":48,"column":5}},"type":"if","locations":[{"start":{"line":46,"column":4},"end":{"line":48,"column":5}},{"start":{},"end":{}}],"line":46}},"s":{"0":210,"1":210,"2":210,"3":210,"4":210,"5":210,"6":210,"7":210,"8":210,"9":210,"10":210,"11":210,"12":210,"13":0,"14":210,"15":210,"16":0,"17":210,"18":210,"19":1,"20":209,"21":0,"22":0},"f":{"0":210},"b":{"0":[210,0,0,0],"1":[0,210],"2":[210,210],"3":[0,210],"4":[1,209]},"inputSourceMap":null,"_coverageSchema":"1a1c01bbd47fc00a2c39e90264f33305004495a9","hash":"24728b1bd5b83991e0c44034c8077786758e3934"}
,"D:\\Gpp_Tasks\\timeseries-analytics-api\\src\\routes.js": {"path":"D:\\Gpp_Tasks\\timeseries-analytics-api\\src\\routes.js","statementMap":{"0":{"start":{"line":18,"column":15},"end":{"line":18,"column":31}},"1":{"start":{"line":24,"column":2},"end":{"line":24,"column":44}},"2":{"start":{"line":24,"column":31},"end":{"line":24,"column":44}},"3":{"start":{"line":26,"column":19},"end":{"line":26,"column":90}},"4":{"start":{"line":27,"column":2},"end":{"line":27,"column":40}},"5":{"start":{"line":27,"column":27},"end":{"line":27,"column":40}},"6":{"start":{"line":28,"column":12},"end":{"line":28,"column":25}},"7":{"start":{"line":29,"column":2},"end":{"line":29,"column":29}},"8":{"start":{"line":36,"column":0},"end":{"line":80,"column":3}},"9":{"start":{"line":37,"column":46},"end":{"line":37,"column":54}},"10":{"start":{"line":40,"column":2},"end":{"line":42,"column":3}},"11":{"start":{"line":41,"column":4},"end":{"line":41,"column":100}},"12":{"start":{"line":46,"column":2},"end":{"line":53,"column":3}},"13":{"start":{"line":47,"column":4},"end":{"line":49,"column":5}},"14":{"start":{"line":48,"column":6},"end":{"line":48,"column":90}},"15":{"start":{"line":50,"column":4},"end":{"line":50,"column":41}},"16":{"start":{"line":52,"column":4},"end":{"line":52,"column":32}},"17":{"start":{"line":56,"column":22},"end":{"line":56,"column":30}},"18":{"start":{"line":57,"column":2},"end":{"line":63,"column":3}},"19":{"start":{"line":58,"column":4},"end":{"line":60,"column":5}},"20":{"start":{"line":59,"column":6},"end":{"line":59,"column":79}},"21":{"start":{"line":62,"column":4},"end":{"line":62,"column":23}},"22":{"start":{"line":65,"column":2},"end":{"line":79,"column":3}},"23":{"start":{"line":66,"column":25},"end":{"line":66,"column":88}},"24":{"start":{"line":67,"column":4},"end":{"line":75,"column":7}},"25":{"start":{"line":77,"column":4},"end":{"line":77,"column":53}},"26":{"start":{"line":78,"column":4},"end":{"line":78,"column":68}},"27":{"start":{"line":86,"column":0},"end":{"line":179,"column":3}},"28":{"start":{"line":87,"column":57},"end":{"line":87,"column":66}},"29":{"start":{"line":90,"column":2},"end":{"line":92,"column":3}},"30":{"start":{"line":91,"column":4},"end":{"line":91,"column":111}},"31":{"start":{"line":94,"column":2},"end":{"line":96,"column":3}},"32":{"start":{"line":95,"column":4},"end":{"line":95,"column":101}},"33":{"start":{"line":98,"column":2},"end":{"line":100,"column":3}},"34":{"start":{"line":99,"column":4},"end":{"line":99,"column":86}},"35":{"start":{"line":102,"column":2},"end":{"line":178,"column":3}},"36":{"start":{"line":103,"column":18},"end":{"line":103,"column":38}},"37":{"start":{"line":104,"column":16},"end":{"line":104,"column":34}},"38":{"start":{"line":105,"column":16},"end":{"line":105,"column":26}},"39":{"start":{"line":107,"column":4},"end":{"line":109,"column":5}},"40":{"start":{"line":108,"column":6},"end":{"line":108,"column":84}},"41":{"start":{"line":111,"column":18},"end":{"line":111,"column":20}},"42":{"start":{"line":113,"column":4},"end":{"line":165,"column":5}},"43":{"start":{"line":115,"column":31},"end":{"line":121,"column":8}},"44":{"start":{"line":123,"column":6},"end":{"line":138,"column":7}},"45":{"start":{"line":125,"column":8},"end":{"line":125,"column":79}},"46":{"start":{"line":126,"column":13},"end":{"line":138,"column":7}},"47":{"start":{"line":128,"column":8},"end":{"line":128,"column":65}},"48":{"start":{"line":131,"column":30},"end":{"line":131,"column":70}},"49":{"start":{"line":132,"column":45},"end":{"line":135,"column":10}},"50":{"start":{"line":137,"column":8},"end":{"line":137,"column":53}},"51":{"start":{"line":142,"column":30},"end":{"line":147,"column":8}},"52":{"start":{"line":149,"column":6},"end":{"line":164,"column":7}},"53":{"start":{"line":151,"column":8},"end":{"line":151,"column":78}},"54":{"start":{"line":152,"column":13},"end":{"line":164,"column":7}},"55":{"start":{"line":154,"column":8},"end":{"line":154,"column":64}},"56":{"start":{"line":157,"column":30},"end":{"line":157,"column":69}},"57":{"start":{"line":158,"column":45},"end":{"line":161,"column":10}},"58":{"start":{"line":163,"column":8},"end":{"line":163,"column":53}},"59":{"start":{"line":168,"column":4},"end":{"line":172,"column":7}},"60":{"start":{"line":169,"column":23},"end":{"line":169,"column":82}},"61":{"start":{"line":170,"column":6},"end":{"line":170,"column":42}},"62":{"start":{"line":170,"column":26},"end":{"line":170,"column":42}},"63":{"start":{"line":171,"column":6},"end":{"line":171,"column":54}},"64":{"start":{"line":174,"column":4},"end":{"line":174,"column":41}},"65":{"start":{"line":176,"column":4},"end":{"line":176,"column":52}},"66":{"start":{"line":177,"column":4},"end":{"line":177,"column":68}},"67":{"start":{"line":186,"column":0},"end":{"line":211,"column":3}},"68":{"start":{"line":187,"column":19},"end":{"line":187,"column":44}},"69":{"start":{"line":189,"column":2},"end":{"line":210,"column":3}},"70":{"start":{"line":191,"column":23},"end":{"line":191,"column":54}},"71":{"start":{"line":192,"column":4},"end":{"line":195,"column":5}},"72":{"start":{"line":193,"column":6},"end":{"line":193,"column":38}},"73":{"start":{"line":194,"column":6},"end":{"line":194,"column":58}},"74":{"start":{"line":198,"column":29},"end":{"line":198,"column":71}},"75":{"start":{"line":199,"column":20},"end":{"line":199,"column":65}},"76":{"start":{"line":200,"column":25},"end":{"line":200,"column":36}},"77":{"start":{"line":203,"column":4},"end":{"line":203,"column":76}},"78":{"start":{"line":205,"column":4},"end":{"line":205,"column":37}},"79":{"start":{"line":206,"column":4},"end":{"line":206,"column":46}},"80":{"start":{"line":208,"column":4},"end":{"line":208,"column":60}},"81":{"start":{"line":209,"column":4},"end":{"line":209,"column":68}},"82":{"start":{"line":217,"column":0},"end":{"line":224,"column":3}},"83":{"start":{"line":218,"column":2},"end":{"line":223,"column":3}},"84":{"start":{"line":219,"column":17},"end":{"line":219,"column":45}},"85":{"start":{"line":220,"column":4},"end":{"line":220,"column":77}},"86":{"start":{"line":222,"column":4},"end":{"line":222,"column":56}},"87":{"start":{"line":230,"column":0},"end":{"line":237,"column":3}},"88":{"start":{"line":231,"column":2},"end":{"line":236,"column":3}},"89":{"start":{"line":232,"column":17},"end":{"line":232,"column":44}},"90":{"start":{"line":233,"column":4},"end":{"line":233,"column":77}},"91":{"start":{"line":235,"column":4},"end":{"line":235,"column":56}},"92":{"start":{"line":243,"column":0},"end":{"line":250,"column":3}},"93":{"start":{"line":244,"column":2},"end":{"line":249,"column":3}},"94":{"start":{"line":245,"column":17},"end":{"line":245,"column":41}},"95":{"start":{"line":246,"column":4},"end":{"line":246,"column":74}},"96":{"start":{"line":248,"column":4},"end":{"line":248,"column":56}}},"fnMap":{"0":{"name":"isValidISO8601","decl":{"start":{"line":23,"column":9},"end":{"line":23,"column":23}},"loc":{"start":{"line":23,"column":29},"end":{"line":30,"column":1}},"line":23},"1":{"name":"(anonymous_1)","decl":{"start":{"line":36,"column":36},"end":{"line":36,"column":37}},"loc":{"start":{"line":36,"column":56},"end":{"line":80,"column":1}},"line":36},"2":{"name":"(anonymous_2)","decl":{"start":{"line":86,"column":25},"end":{"line":86,"column":26}},"loc":{"start":{"line":86,"column":45},"end":{"line":179,"column":1}},"line":86},"3":{"name":"(anonymous_3)","decl":{"start":{"line":168,"column":17},"end":{"line":168,"column":18}},"loc":{"start":{"line":168,"column":27},"end":{"line":172,"column":5}},"line":168},"4":{"name":"(anonymous_4)","decl":{"start":{"line":186,"column":33},"end":{"line":186,"column":34}},"loc":{"start":{"line":186,"column":53},"end":{"line":211,"column":1}},"line":186},"5":{"name":"(anonymous_5)","decl":{"start":{"line":217,"column":35},"end":{"line":217,"column":36}},"loc":{"start":{"line":217,"column":55},"end":{"line":224,"column":1}},"line":217},"6":{"name":"(anonymous_6)","decl":{"start":{"line":230,"column":34},"end":{"line":230,"column":35}},"loc":{"start":{"line":230,"column":54},"end":{"line":237,"column":1}},"line":230},"7":{"name":"(anonymous_7)","decl":{"start":{"line":243,"column":31},"end":{"line":243,"column":32}},"loc":{"start":{"line":243,"column":51},"end":{"line":250,"column":1}},"line":243}},"branchMap":{"0":{"loc":{"start":{"line":24,"column":2},"end":{"line":24,"column":44}},"type":"if","locations":[{"start":{"line":24,"column":2},"end":{"line":24,"column":44}},{"start":{},"end":{}}],"line":24},"1":{"loc":{"start":{"line":27,"column":2},"end":{"line":27,"column":40}},"type":"if","locations":[{"start":{"line":27,"column":2},"end":{"line":27,"column":40}},{"start":{},"end":{}}],"line":27},"2":{"loc":{"start":{"line":40,"column":2},"end":{"line":42,"column":3}},"type":"if","locations":[{"start":{"line":40,"column":2},"end":{"line":42,"column":3}},{"start":{},"end":{}}],"line":40},"3":{"loc":{"start":{"line":40,"column":6},"end":{"line":40,"column":79}},"type":"binary-expr","locations":[{"start":{"line":40,"column":6},"end":{"line":40,"column":17}},{"start":{"line":40,"column":21},"end":{"line":40,"column":51}},{"start":{"line":40,"column":55},"end":{"line":40,"column":79}}],"line":40},"4":{"loc":{"start":{"line":46,"column":2},"end":{"line":53,"column":3}},"type":"if","locations":[{"start":{"line":46,"column":2},"end":{"line":53,"column":3}},{"start":{"line":51,"column":9},"end":{"line":53,"column":3}}],"line":46},"5":{"loc":{"start":{"line":47,"column":4},"end":{"line":49,"column":5}},"type":"if","locations":[{"start":{"line":47,"column":4},"end":{"line":49,"column":5}},{"start":{},"end":{}}],"line":47},"6":{"loc":{"start":{"line":57,"column":2},"end":{"line":63,"column":3}},"type":"if","locations":[{"start":{"line":57,"column":2},"end":{"line":63,"column":3}},{"start":{"line":61,"column":9},"end":{"line":63,"column":3}}],"line":57},"7":{"loc":{"start":{"line":58,"column":4},"end":{"line":60,"column":5}},"type":"if","locations":[{"start":{"line":58,"column":4},"end":{"line":60,"column":5}},{"start":{},"end":{}}],"line":58},"8":{"loc":{"start":{"line":58,"column":8},"end":{"line":58,"column":84}},"type":"binary-expr","locations":[{"start":{"line":58,"column":8},"end":{"line":58,"column":36}},{"start":{"line":58,"column":40},"end":{"line":58,"column":57}},{"start":{"line":58,"column":61},"end":{"line":58,"column":84}}],"line":58},"9":{"loc":{"start":{"line":90,"column":2},"end":{"line":92,"column":3}},"type":"if","locations":[{"start":{"line":90,"column":2},"end":{"line":92,"column":3}},{"start":{},"end":{}}],"line":90},"10":{"loc":{"start":{"line":90,"column":6},"end":{"line":90,"column":43}},"type":"binary-expr","locations":[{"start":{"line":90,"column":6},"end":{"line":90,"column":17}},{"start":{"line":90,"column":21},"end":{"line":90,"column":30}},{"start":{"line":90,"column":34},"end":{"line":90,"column":43}}],"line":90},"11":{"loc":{"start":{"line":94,"column":2},"end":{"line":96,"column":3}},"type":"if","locations":[{"start":{"line":94,"column":2},"end":{"line":96,"column":3}},{"start":{},"end":{}}],"line":94},"12":{"loc":{"start":{"line":94,"column":6},"end":{"line":94,"column":62}},"type":"binary-expr","locations":[{"start":{"line":94,"column":6},"end":{"line":94,"column":33}},{"start":{"line":94,"column":37},"end":{"line":94,"column":62}}],"line":94},"13":{"loc":{"start":{"line":98,"column":2},"end":{"line":100,"column":3}},"type":"if","locations":[{"start":{"line":98,"column":2},"end":{"line":100,"column":3}},{"start":{},"end":{}}],"line":98},"14":{"loc":{"start":{"line":98,"column":6},"end":{"line":98,"column":47}},"type":"binary-expr","locations":[{"start":{"line":98,"column":6},"end":{"line":98,"column":25}},{"start":{"line":98,"column":29},"end":{"line":98,"column":47}}],"line":98},"15":{"loc":{"start":{"line":107,"column":4},"end":{"line":109,"column":5}},"type":"if","locations":[{"start":{"line":107,"column":4},"end":{"line":109,"column":5}},{"start":{},"end":{}}],"line":107},"16":{"loc":{"start":{"line":113,"column":4},"end":{"line":165,"column":5}},"type":"if","locations":[{"start":{"line":113,"column":4},"end":{"line":165,"column":5}},{"start":{"line":139,"column":11},"end":{"line":165,"column":5}}],"line":113},"17":{"loc":{"start":{"line":123,"column":6},"end":{"line":138,"column":7}},"type":"if","locations":[{"start":{"line":123,"column":6},"end":{"line":138,"column":7}},{"start":{"line":126,"column":13},"end":{"line":138,"column":7}}],"line":123},"18":{"loc":{"start":{"line":126,"column":13},"end":{"line":138,"column":7}},"type":"if","locations":[{"start":{"line":126,"column":13},"end":{"line":138,"column":7}},{"start":{"line":129,"column":13},"end":{"line":138,"column":7}}],"line":126},"19":{"loc":{"start":{"line":149,"column":6},"end":{"line":164,"column":7}},"type":"if","locations":[{"start":{"line":149,"column":6},"end":{"line":164,"column":7}},{"start":{"line":152,"column":13},"end":{"line":164,"column":7}}],"line":149},"20":{"loc":{"start":{"line":152,"column":13},"end":{"line":164,"column":7}},"type":"if","locations":[{"start":{"line":152,"column":13},"end":{"line":164,"column":7}},{"start":{"line":155,"column":13},"end":{"line":164,"column":7}}],"line":152},"21":{"loc":{"start":{"line":170,"column":6},"end":{"line":170,"column":42}},"type":"if","locations":[{"start":{"line":170,"column":6},"end":{"line":170,"column":42}},{"start":{},"end":{}}],"line":170},"22":{"loc":{"start":{"line":192,"column":4},"end":{"line":195,"column":5}},"type":"if","locations":[{"start":{"line":192,"column":4},"end":{"line":195,"column":5}},{"start":{},"end":{}}],"line":192}},"s":{"0":1,"1":20,"2":0,"3":20,"4":20,"5":1,"6":19,"7":19,"8":1,"9":209,"10":209,"11":1,"12":208,"13":2,"14":1,"15":1,"16":206,"17":207,"18":207,"19":2,"20":1,"21":205,"22":206,"23":206,"24":206,"25":0,"26":0,"27":1,"28":10,"29":10,"30":1,"31":9,"32":0,"33":9,"34":1,"35":8,"36":8,"37":8,"38":8,"39":8,"40":1,"41":7,"42":7,"43":4,"44":4,"45":1,"46":3,"47":1,"48":2,"49":2,"50":2,"51":3,"52":3,"53":1,"54":2,"55":1,"56":1,"57":1,"58":1,"59":7,"60":9,"61":9,"62":3,"63":6,"64":7,"65":0,"66":0,"67":1,"68":2,"69":2,"70":2,"71":2,"72":1,"73":1,"74":1,"75":1,"76":1,"77":1,"78":1,"79":1,"80":0,"81":0,"82":1,"83":10,"84":10,"85":10,"86":0,"87":1,"88":0,"89":0,"90":0,"91":0,"92":1,"93":0,"94":0,"95":0,"96":0},"f":{"0":20,"1":209,"2":10,"3":9,"4":2,"5":10,"6":0,"7":0},"b":{"0":[0,20],"1":[1,19],"2":[1,208],"3":[209,208,208],"4":[2,206],"5":[1,1],"6":[2,205],"7":[1,1],"8":[2,1,1],"9":[1,9],"10":[10,9,9],"11":[0,9],"12":[9,9],"13":[1,8],"14":[9,4],"15":[1,7],"16":[4,3],"17":[1,3],"18":[1,2],"19":[1,2],"20":[1,1],"21":[3,6],"22":[1,1]},"inputSourceMap":null,"_coverageSchema":"1a1c01bbd47fc00a2c39e90264f33305004495a9","hash":"abaac63ba0ecacc90d6bb93b2a16eba3f4575556"}
,"D:\\Gpp_Tasks\\timeseries-analytics-api\\src\\workers.js": {"path":"D:\\Gpp_Tasks\\timeseries-analytics-api\\src\\workers.js","statementMap":{"0":{"start":{"line":8,"column":2},"end":{"line":8,"column":61}},"1":{"start":{"line":9,"column":16},"end":{"line":20,"column":3}},"2":{"start":{"line":22,"column":2},"end":{"line":43,"column":3}},"3":{"start":{"line":23,"column":4},"end":{"line":23,"column":36}},"4":{"start":{"line":24,"column":4},"end":{"line":24,"column":32}},"5":{"start":{"line":25,"column":19},"end":{"line":25,"column":44}},"6":{"start":{"line":26,"column":4},"end":{"line":26,"column":33}},"7":{"start":{"line":27,"column":4},"end":{"line":27,"column":92}},"8":{"start":{"line":28,"column":4},"end":{"line":28,"column":27}},"9":{"start":{"line":30,"column":4},"end":{"line":36,"column":5}},"10":{"start":{"line":31,"column":6},"end":{"line":35,"column":7}},"11":{"start":{"line":32,"column":8},"end":{"line":32,"column":39}},"12":{"start":{"line":34,"column":8},"end":{"line":34,"column":62}},"13":{"start":{"line":37,"column":4},"end":{"line":37,"column":66}},"14":{"start":{"line":38,"column":4},"end":{"line":38,"column":14}},"15":{"start":{"line":40,"column":4},"end":{"line":42,"column":5}},"16":{"start":{"line":41,"column":6},"end":{"line":41,"column":23}},"17":{"start":{"line":51,"column":2},"end":{"line":51,"column":60}},"18":{"start":{"line":52,"column":16},"end":{"line":63,"column":3}},"19":{"start":{"line":65,"column":2},"end":{"line":86,"column":3}},"20":{"start":{"line":66,"column":4},"end":{"line":66,"column":36}},"21":{"start":{"line":67,"column":4},"end":{"line":67,"column":32}},"22":{"start":{"line":68,"column":19},"end":{"line":68,"column":44}},"23":{"start":{"line":69,"column":4},"end":{"line":69,"column":33}},"24":{"start":{"line":70,"column":4},"end":{"line":70,"column":91}},"25":{"start":{"line":71,"column":4},"end":{"line":71,"column":27}},"26":{"start":{"line":73,"column":4},"end":{"line":79,"column":5}},"27":{"start":{"line":74,"column":6},"end":{"line":78,"column":7}},"28":{"start":{"line":75,"column":8},"end":{"line":75,"column":39}},"29":{"start":{"line":77,"column":8},"end":{"line":77,"column":61}},"30":{"start":{"line":80,"column":4},"end":{"line":80,"column":65}},"31":{"start":{"line":81,"column":4},"end":{"line":81,"column":14}},"32":{"start":{"line":83,"column":4},"end":{"line":85,"column":5}},"33":{"start":{"line":84,"column":6},"end":{"line":84,"column":23}},"34":{"start":{"line":94,"column":2},"end":{"line":94,"column":65}},"35":{"start":{"line":95,"column":16},"end":{"line":98,"column":3}},"36":{"start":{"line":99,"column":2},"end":{"line":106,"column":3}},"37":{"start":{"line":100,"column":19},"end":{"line":100,"column":44}},"38":{"start":{"line":101,"column":4},"end":{"line":101,"column":95}},"39":{"start":{"line":102,"column":4},"end":{"line":102,"column":27}},"40":{"start":{"line":104,"column":4},"end":{"line":104,"column":62}},"41":{"start":{"line":105,"column":4},"end":{"line":105,"column":14}},"42":{"start":{"line":110,"column":24},"end":{"line":110,"column":26}},"43":{"start":{"line":111,"column":21},"end":{"line":111,"column":25}},"44":{"start":{"line":117,"column":2},"end":{"line":120,"column":3}},"45":{"start":{"line":118,"column":4},"end":{"line":118,"column":70}},"46":{"start":{"line":119,"column":4},"end":{"line":119,"column":11}},"47":{"start":{"line":122,"column":2},"end":{"line":122,"column":61}},"48":{"start":{"line":125,"column":25},"end":{"line":131,"column":19}},"49":{"start":{"line":126,"column":4},"end":{"line":130,"column":5}},"50":{"start":{"line":127,"column":6},"end":{"line":127,"column":35}},"51":{"start":{"line":132,"column":2},"end":{"line":132,"column":39}},"52":{"start":{"line":135,"column":24},"end":{"line":141,"column":20}},"53":{"start":{"line":136,"column":4},"end":{"line":140,"column":5}},"54":{"start":{"line":137,"column":6},"end":{"line":137,"column":34}},"55":{"start":{"line":142,"column":2},"end":{"line":142,"column":38}},"56":{"start":{"line":145,"column":28},"end":{"line":151,"column":25}},"57":{"start":{"line":146,"column":4},"end":{"line":150,"column":5}},"58":{"start":{"line":147,"column":6},"end":{"line":147,"column":31}},"59":{"start":{"line":152,"column":2},"end":{"line":152,"column":42}},"60":{"start":{"line":155,"column":2},"end":{"line":163,"column":11}},"61":{"start":{"line":156,"column":4},"end":{"line":162,"column":5}},"62":{"start":{"line":157,"column":6},"end":{"line":157,"column":35}},"63":{"start":{"line":158,"column":6},"end":{"line":158,"column":34}},"64":{"start":{"line":159,"column":6},"end":{"line":159,"column":31}},"65":{"start":{"line":161,"column":6},"end":{"line":161,"column":68}},"66":{"start":{"line":170,"column":2},"end":{"line":170,"column":67}},"67":{"start":{"line":171,"column":2},"end":{"line":174,"column":3}},"68":{"start":{"line":172,"column":4},"end":{"line":172,"column":33}},"69":{"start":{"line":173,"column":4},"end":{"line":173,"column":26}},"70":{"start":{"line":175,"column":2},"end":{"line":177,"column":3}},"71":{"start":{"line":176,"column":4},"end":{"line":176,"column":41}}},"fnMap":{"0":{"name":"runHourlyAggregation","decl":{"start":{"line":7,"column":22},"end":{"line":7,"column":42}},"loc":{"start":{"line":7,"column":45},"end":{"line":44,"column":1}},"line":7},"1":{"name":"runDailyAggregation","decl":{"start":{"line":50,"column":22},"end":{"line":50,"column":41}},"loc":{"start":{"line":50,"column":44},"end":{"line":87,"column":1}},"line":50},"2":{"name":"runDataRetention","decl":{"start":{"line":93,"column":22},"end":{"line":93,"column":38}},"loc":{"start":{"line":93,"column":41},"end":{"line":107,"column":1}},"line":93},"3":{"name":"startScheduler","decl":{"start":{"line":116,"column":16},"end":{"line":116,"column":30}},"loc":{"start":{"line":116,"column":33},"end":{"line":164,"column":1}},"line":116},"4":{"name":"(anonymous_4)","decl":{"start":{"line":125,"column":37},"end":{"line":125,"column":38}},"loc":{"start":{"line":125,"column":49},"end":{"line":131,"column":3}},"line":125},"5":{"name":"(anonymous_5)","decl":{"start":{"line":135,"column":36},"end":{"line":135,"column":37}},"loc":{"start":{"line":135,"column":48},"end":{"line":141,"column":3}},"line":135},"6":{"name":"(anonymous_6)","decl":{"start":{"line":145,"column":40},"end":{"line":145,"column":41}},"loc":{"start":{"line":145,"column":52},"end":{"line":151,"column":3}},"line":145},"7":{"name":"(anonymous_7)","decl":{"start":{"line":155,"column":30},"end":{"line":155,"column":31}},"loc":{"start":{"line":155,"column":42},"end":{"line":163,"column":3}},"line":155},"8":{"name":"stopScheduler","decl":{"start":{"line":169,"column":16},"end":{"line":169,"column":29}},"loc":{"start":{"line":169,"column":32},"end":{"line":178,"column":1}},"line":169}},"branchMap":{"0":{"loc":{"start":{"line":30,"column":4},"end":{"line":36,"column":5}},"type":"if","locations":[{"start":{"line":30,"column":4},"end":{"line":36,"column":5}},{"start":{},"end":{}}],"line":30},"1":{"loc":{"start":{"line":40,"column":4},"end":{"line":42,"column":5}},"type":"if","locations":[{"start":{"line":40,"column":4},"end":{"line":42,"column":5}},{"start":{},"end":{}}],"line":40},"2":{"loc":{"start":{"line":73,"column":4},"end":{"line":79,"column":5}},"type":"if","locations":[{"start":{"line":73,"column":4},"end":{"line":79,"column":5}},{"start":{},"end":{}}],"line":73},"3":{"loc":{"start":{"line":83,"column":4},"end":{"line":85,"column":5}},"type":"if","locations":[{"start":{"line":83,"column":4},"end":{"line":85,"column":5}},{"start":{},"end":{}}],"line":83},"4":{"loc":{"start":{"line":117,"column":2},"end":{"line":120,"column":3}},"type":"if","locations":[{"start":{"line":117,"column":2},"end":{"line":120,"column":3}},{"start":{},"end":{}}],"line":117},"5":{"loc":{"start":{"line":171,"column":2},"end":{"line":174,"column":3}},"type":"if","locations":[{"start":{"line":171,"column":2},"end":{"line":174,"column":3}},{"start":{},"end":{}}],"line":171}},"s":{"0":13,"1":13,"2":13,"3":13,"4":12,"5":12,"6":12,"7":12,"8":12,"9":1,"10":0,"11":0,"12":0,"13":1,"14":1,"15":13,"16":12,"17":3,"18":3,"19":3,"20":3,"21":2,"22":2,"23":2,"24":2,"25":2,"26":1,"27":0,"28":0,"29":0,"30":1,"31":1,"32":3,"33":2,"34":2,"35":2,"36":2,"37":2,"38":1,"39":1,"40":1,"41":1,"42":2,"43":2,"44":2,"45":1,"46":1,"47":1,"48":1,"49":0,"50":0,"51":1,"52":1,"53":0,"54":0,"55":1,"56":1,"57":0,"58":0,"59":1,"60":1,"61":0,"62":0,"63":0,"64":0,"65":0,"66":1,"67":1,"68":1,"69":1,"70":1,"71":3},"f":{"0":13,"1":3,"2":2,"3":2,"4":0,"5":0,"6":0,"7":0,"8":1},"b":{"0":[0,1],"1":[12,1],"2":[0,1],"3":[2,1],"4":[1,1],"5":[1,0]},"inputSourceMap":null,"_coverageSchema":"1a1c01bbd47fc00a2c39e90264f33305004495a9","hash":"66089518e065a25da5661cb37115e0313141cb78"}
}
