TN:
SF:src\app.js
FN:16,(anonymous_0)
FNF:1
FNH:0
FNDA:0,(anonymous_0)
DA:4,1
DA:7,1
DA:10,1
DA:13,1
DA:16,1
DA:17,0
DA:18,0
LF:7
LH:5
BRF:0
BRH:0
end_of_record
TN:
SF:src\config.js
FN:39,(anonymous_0)
FN:46,closeConnections
FNF:2
FNH:1
FNDA:0,(anonymous_0)
FNDA:2,closeConnections
DA:5,2
DA:7,2
DA:24,2
DA:36,2
DA:40,0
DA:41,0
DA:47,2
DA:48,2
DA:50,0
DA:52,2
DA:53,2
DA:55,0
LF:12
LH:8
BRDA:8,0,0,2
BRDA:8,0,1,0
BRDA:9,1,0,2
BRDA:9,1,1,0
BRDA:11,2,0,2
BRDA:11,2,1,0
BRDA:12,3,0,2
BRDA:12,3,1,0
BRDA:13,4,0,2
BRDA:13,4,1,0
BRDA:14,5,0,2
BRDA:14,5,1,0
BRDA:15,6,0,2
BRDA:15,6,1,0
BRDA:18,7,0,2
BRDA:18,7,1,0
BRDA:19,8,0,2
BRDA:19,8,1,0
BRF:18
BRH:9
end_of_record
TN:
SF:src\db.js
FN:6,initDatabase
FN:47,insertRawEvent
FN:64,queryHourlyStats
FN:78,(anonymous_3)
FN:88,queryDailyStats
FN:102,(anonymous_5)
FN:112,queryRawEventsAggregatedByHour
FN:129,(anonymous_7)
FN:139,queryRawEventsAggregatedByDay
FN:156,(anonymous_9)
FN:166,queryDashboardSummary
FN:175,(anonymous_11)
FNF:12
FNH:12
FNDA:2,initDatabase
FNDA:206,insertRawEvent
FNDA:3,queryHourlyStats
FNDA:5,(anonymous_3)
FNDA:2,queryDailyStats
FNDA:3,(anonymous_5)
FNDA:3,queryRawEventsAggregatedByHour
FNDA:5,(anonymous_7)
FNDA:2,queryRawEventsAggregatedByDay
FNDA:3,(anonymous_9)
FNDA:1,queryDashboardSummary
FNDA:2,(anonymous_11)
DA:7,2
DA:35,2
DA:36,2
DA:37,2
DA:39,0
DA:40,0
DA:48,206
DA:53,206
DA:58,206
DA:65,3
DA:70,3
DA:71,3
DA:72,1
DA:73,1
DA:75,3
DA:77,3
DA:78,5
DA:89,2
DA:94,2
DA:95,2
DA:96,0
DA:97,0
DA:99,2
DA:101,2
DA:102,3
DA:113,3
DA:118,3
DA:119,3
DA:120,1
DA:121,1
DA:123,3
DA:128,3
DA:129,5
DA:140,2
DA:145,2
DA:146,2
DA:147,0
DA:148,0
DA:150,2
DA:155,2
DA:156,3
DA:167,1
DA:174,1
DA:175,2
LF:44
LH:38
BRDA:47,0,0,0
BRDA:71,1,0,1
BRDA:71,1,1,2
BRDA:95,2,0,0
BRDA:95,2,1,2
BRDA:119,3,0,1
BRDA:119,3,1,2
BRDA:146,4,0,0
BRDA:146,4,1,2
BRF:9
BRH:6
end_of_record
TN:
SF:src\rateLimiter.js
FN:8,rateLimiter
FNF:1
FNH:1
FNDA:210,rateLimiter
DA:10,210
DA:11,210
DA:13,210
DA:14,210
DA:16,210
DA:17,210
DA:20,210
DA:23,210
DA:24,210
DA:27,210
DA:30,210
DA:32,210
DA:34,210
DA:35,0
DA:39,210
DA:40,210
DA:41,0
DA:44,210
DA:46,210
DA:47,1
DA:50,209
DA:52,0
DA:54,0
LF:23
LH:19
BRDA:10,0,0,210
BRDA:10,0,1,0
BRDA:10,0,2,0
BRDA:10,0,3,0
BRDA:34,1,0,0
BRDA:34,1,1,210
BRDA:34,2,0,210
BRDA:34,2,1,210
BRDA:40,3,0,0
BRDA:40,3,1,210
BRDA:46,4,0,1
BRDA:46,4,1,209
BRF:12
BRH:7
end_of_record
TN:
SF:src\routes.js
FN:23,isValidISO8601
FN:36,(anonymous_1)
FN:86,(anonymous_2)
FN:168,(anonymous_3)
FN:186,(anonymous_4)
FN:217,(anonymous_5)
FN:230,(anonymous_6)
FN:243,(anonymous_7)
FNF:8
FNH:6
FNDA:20,isValidISO8601
FNDA:209,(anonymous_1)
FNDA:10,(anonymous_2)
FNDA:9,(anonymous_3)
FNDA:2,(anonymous_4)
FNDA:10,(anonymous_5)
FNDA:0,(anonymous_6)
FNDA:0,(anonymous_7)
DA:18,1
DA:24,20
DA:26,20
DA:27,20
DA:28,19
DA:29,19
DA:36,1
DA:37,209
DA:40,209
DA:41,1
DA:46,208
DA:47,2
DA:48,1
DA:50,1
DA:52,206
DA:56,207
DA:57,207
DA:58,2
DA:59,1
DA:62,205
DA:65,206
DA:66,206
DA:67,206
DA:77,0
DA:78,0
DA:86,1
DA:87,10
DA:90,10
DA:91,1
DA:94,9
DA:95,0
DA:98,9
DA:99,1
DA:102,8
DA:103,8
DA:104,8
DA:105,8
DA:107,8
DA:108,1
DA:111,7
DA:113,7
DA:115,4
DA:123,4
DA:125,1
DA:126,3
DA:128,1
DA:131,2
DA:132,2
DA:137,2
DA:142,3
DA:149,3
DA:151,1
DA:152,2
DA:154,1
DA:157,1
DA:158,1
DA:163,1
DA:168,7
DA:169,9
DA:170,9
DA:171,6
DA:174,7
DA:176,0
DA:177,0
DA:186,1
DA:187,2
DA:189,2
DA:191,2
DA:192,2
DA:193,1
DA:194,1
DA:198,1
DA:199,1
DA:200,1
DA:203,1
DA:205,1
DA:206,1
DA:208,0
DA:209,0
DA:217,1
DA:218,10
DA:219,10
DA:220,10
DA:222,0
DA:230,1
DA:231,0
DA:232,0
DA:233,0
DA:235,0
DA:243,1
DA:244,0
DA:245,0
DA:246,0
DA:248,0
LF:94
LH:78
BRDA:24,0,0,0
BRDA:24,0,1,20
BRDA:27,1,0,1
BRDA:27,1,1,19
BRDA:40,2,0,1
BRDA:40,2,1,208
BRDA:40,3,0,209
BRDA:40,3,1,208
BRDA:40,3,2,208
BRDA:46,4,0,2
BRDA:46,4,1,206
BRDA:47,5,0,1
BRDA:47,5,1,1
BRDA:57,6,0,2
BRDA:57,6,1,205
BRDA:58,7,0,1
BRDA:58,7,1,1
BRDA:58,8,0,2
BRDA:58,8,1,1
BRDA:58,8,2,1
BRDA:90,9,0,1
BRDA:90,9,1,9
BRDA:90,10,0,10
BRDA:90,10,1,9
BRDA:90,10,2,9
BRDA:94,11,0,0
BRDA:94,11,1,9
BRDA:94,12,0,9
BRDA:94,12,1,9
BRDA:98,13,0,1
BRDA:98,13,1,8
BRDA:98,14,0,9
BRDA:98,14,1,4
BRDA:107,15,0,1
BRDA:107,15,1,7
BRDA:113,16,0,4
BRDA:113,16,1,3
BRDA:123,17,0,1
BRDA:123,17,1,3
BRDA:126,18,0,1
BRDA:126,18,1,2
BRDA:149,19,0,1
BRDA:149,19,1,2
BRDA:152,20,0,1
BRDA:152,20,1,1
BRDA:170,21,0,3
BRDA:170,21,1,6
BRDA:192,22,0,1
BRDA:192,22,1,1
BRF:49
BRH:47
end_of_record
TN:
SF:src\workers.js
FN:7,runHourlyAggregation
FN:50,runDailyAggregation
FN:93,runDataRetention
FN:116,startScheduler
FN:125,(anonymous_4)
FN:135,(anonymous_5)
FN:145,(anonymous_6)
FN:155,(anonymous_7)
FN:169,stopScheduler
FNF:9
FNH:5
FNDA:13,runHourlyAggregation
FNDA:3,runDailyAggregation
FNDA:2,runDataRetention
FNDA:2,startScheduler
FNDA:0,(anonymous_4)
FNDA:0,(anonymous_5)
FNDA:0,(anonymous_6)
FNDA:0,(anonymous_7)
FNDA:1,stopScheduler
DA:8,13
DA:9,13
DA:22,13
DA:23,13
DA:24,12
DA:25,12
DA:26,12
DA:27,12
DA:28,12
DA:30,1
DA:31,0
DA:32,0
DA:34,0
DA:37,1
DA:38,1
DA:40,13
DA:41,12
DA:51,3
DA:52,3
DA:65,3
DA:66,3
DA:67,2
DA:68,2
DA:69,2
DA:70,2
DA:71,2
DA:73,1
DA:74,0
DA:75,0
DA:77,0
DA:80,1
DA:81,1
DA:83,3
DA:84,2
DA:94,2
DA:95,2
DA:99,2
DA:100,2
DA:101,1
DA:102,1
DA:104,1
DA:105,1
DA:110,2
DA:111,2
DA:117,2
DA:118,1
DA:119,1
DA:122,1
DA:125,1
DA:126,0
DA:127,0
DA:132,1
DA:135,1
DA:136,0
DA:137,0
DA:142,1
DA:145,1
DA:146,0
DA:147,0
DA:152,1
DA:155,1
DA:156,0
DA:157,0
DA:158,0
DA:159,0
DA:161,0
DA:170,1
DA:171,1
DA:172,1
DA:173,1
DA:175,1
DA:176,3
LF:72
LH:55
BRDA:30,0,0,0
BRDA:30,0,1,1
BRDA:40,1,0,12
BRDA:40,1,1,1
BRDA:73,2,0,0
BRDA:73,2,1,1
BRDA:83,3,0,2
BRDA:83,3,1,1
BRDA:117,4,0,1
BRDA:117,4,1,1
BRDA:171,5,0,1
BRDA:171,5,1,0
BRF:12
BRH:9
end_of_record
